Determining if the pthread_create exist failed with the following output:
Change Dir: /home/czp/globalPathfollow_A/build/CMakeFiles/CMakeTmp

Run Build Command:"/usr/bin/make" "cmTC_1dfaf/fast"
/usr/bin/make -f CMakeFiles/cmTC_1dfaf.dir/build.make CMakeFiles/cmTC_1dfaf.dir/build
make[1]: Entering directory '/home/czp/globalPathfollow_A/build/CMakeFiles/CMakeTmp'
Building C object CMakeFiles/cmTC_1dfaf.dir/CheckSymbolExists.c.o
/usr/bin/cc     -o CMakeFiles/cmTC_1dfaf.dir/CheckSymbolExists.c.o   -c /home/czp/globalPathfollow_A/build/CMakeFiles/CMakeTmp/CheckSymbolExists.c
Linking C executable cmTC_1dfaf
/usr/bin/cmake -E cmake_link_script CMakeFiles/cmTC_1dfaf.dir/link.txt --verbose=1
/usr/bin/cc       CMakeFiles/cmTC_1dfaf.dir/CheckSymbolExists.c.o  -o cmTC_1dfaf -rdynamic 
CMakeFiles/cmTC_1dfaf.dir/CheckSymbolExists.c.o：在函数‘main’中：
CheckSymbolExists.c:(.text+0x16)：对‘pthread_create’未定义的引用
collect2: error: ld returned 1 exit status
CMakeFiles/cmTC_1dfaf.dir/build.make:97: recipe for target 'cmTC_1dfaf' failed
make[1]: *** [cmTC_1dfaf] Error 1
make[1]: Leaving directory '/home/czp/globalPathfollow_A/build/CMakeFiles/CMakeTmp'
Makefile:126: recipe for target 'cmTC_1dfaf/fast' failed
make: *** [cmTC_1dfaf/fast] Error 2

File /home/czp/globalPathfollow_A/build/CMakeFiles/CMakeTmp/CheckSymbolExists.c:
/* */
#include <pthread.h>

int main(int argc, char** argv)
{
  (void)argv;
#ifndef pthread_create
  return ((int*)(&pthread_create))[argc];
#else
  (void)argc;
  return 0;
#endif
}

Determining if the function pthread_create exists in the pthreads failed with the following output:
Change Dir: /home/czp/globalPathfollow_A/build/CMakeFiles/CMakeTmp

Run Build Command:"/usr/bin/make" "cmTC_0de0f/fast"
/usr/bin/make -f CMakeFiles/cmTC_0de0f.dir/build.make CMakeFiles/cmTC_0de0f.dir/build
make[1]: Entering directory '/home/czp/globalPathfollow_A/build/CMakeFiles/CMakeTmp'
Building C object CMakeFiles/cmTC_0de0f.dir/CheckFunctionExists.c.o
/usr/bin/cc    -DCHECK_FUNCTION_EXISTS=pthread_create   -o CMakeFiles/cmTC_0de0f.dir/CheckFunctionExists.c.o   -c /usr/share/cmake-3.5/Modules/CheckFunctionExists.c
Linking C executable cmTC_0de0f
/usr/bin/cmake -E cmake_link_script CMakeFiles/cmTC_0de0f.dir/link.txt --verbose=1
/usr/bin/cc   -DCHECK_FUNCTION_EXISTS=pthread_create    CMakeFiles/cmTC_0de0f.dir/CheckFunctionExists.c.o  -o cmTC_0de0f -rdynamic -lpthreads 
/usr/bin/ld: 找不到 -lpthreads
collect2: error: ld returned 1 exit status
CMakeFiles/cmTC_0de0f.dir/build.make:97: recipe for target 'cmTC_0de0f' failed
make[1]: *** [cmTC_0de0f] Error 1
make[1]: Leaving directory '/home/czp/globalPathfollow_A/build/CMakeFiles/CMakeTmp'
Makefile:126: recipe for target 'cmTC_0de0f/fast' failed
make: *** [cmTC_0de0f/fast] Error 2


